<?xml version='1.0'?>
<ns2:test-suite xmlns:ns2='urn:model.allure.qatools.yandex.ru' start='1676820725308' stop='1676820725350'>
    <name>To test the add category functionality in "kasirAja": i add category with invalid input</name>
    <title>To test the add category functionality in "kasirAja": i add category with invalid input</title>
    <test-cases>
        <test-case start='1676820725309' status='passed' stop='1676820725309'>
            <name></name>
            <title></title>
            <labels>
                <label name='language' value='javascript'/>
                <label name='framework' value='wdio'/>
                <label name='thread' value='0-1'/>
            </labels>
            <parameters>
                <parameter kind='argument' name='browser' value='chrome-110.0.5481.104'/>
            </parameters>
            <steps/>
            <attachments/>
        </test-case>
        <test-case start='1676820725310' status='passed' stop='1676820725328'>
            <name>Given i am on the dashboard page</name>
            <title>Given i am on the dashboard page</title>
            <labels>
                <label name='language' value='javascript'/>
                <label name='framework' value='wdio'/>
                <label name='thread' value='0-1'/>
            </labels>
            <parameters>
                <parameter kind='argument' name='browser' value='chrome-110.0.5481.104'/>
            </parameters>
            <steps>
                <step start='1676820725311' status='undefined'>
                    <name>POST /session/:sessionId/element</name>
                    <title>POST /session/:sessionId/element</title>
                    <attachments>
                        <attachment title='Request' source='97336511-ce05-44e9-8076-09cf1512b031-attachment.json' type='application/json' size='82'/>
                    </attachments>
                    <steps>
                        <step start='1676820725313' status='undefined'>
                            <name>GET /session/:sessionId/title</name>
                            <title>GET /session/:sessionId/title</title>
                            <attachments/>
                            <steps/>
                        </step>
                    </steps>
                </step>
            </steps>
            <attachments/>
        </test-case>
        <test-case start='1676820725329' status='passed' stop='1676820725343'>
            <name>When i click on category menu</name>
            <title>When i click on category menu</title>
            <labels>
                <label name='language' value='javascript'/>
                <label name='framework' value='wdio'/>
                <label name='thread' value='0-1'/>
            </labels>
            <parameters>
                <parameter kind='argument' name='browser' value='chrome-110.0.5481.104'/>
            </parameters>
            <steps>
                <step start='1676820725329' status='undefined'>
                    <name>POST /session/:sessionId/element</name>
                    <title>POST /session/:sessionId/element</title>
                    <attachments>
                        <attachment title='Request' source='a16046fe-54fc-41d7-9976-f930b5609263-attachment.json' type='application/json' size='82'/>
                    </attachments>
                    <steps/>
                </step>
            </steps>
            <attachments/>
        </test-case>
        <test-case start='1676820725343' status='broken' stop='1676820725345'>
            <name>When i click on button "tambah"</name>
            <title>When i click on button "tambah"</title>
            <labels>
                <label name='language' value='javascript'/>
                <label name='framework' value='wdio'/>
                <label name='thread' value='0-1'/>
            </labels>
            <parameters>
                <parameter kind='argument' name='browser' value='chrome-110.0.5481.104'/>
            </parameters>
            <steps/>
            <attachments/>
            <failure>
                <message>function has 0 arguments, should have 1 (if synchronous or returning a promise) or 2 (if accepting a callback)</message>
                <stack-trace>function has 0 arguments, should have 1 (if synchronous or returning a promise) or 2 (if accepting a callback)</stack-trace>
            </failure>
        </test-case>
        <test-case start='1676820725345' status='pending' stop='1676820725345'>
            <name>When i input name of category as "" and description as "sepatu"</name>
            <title>When i input name of category as "" and description as "sepatu"</title>
            <labels>
                <label name='language' value='javascript'/>
                <label name='framework' value='wdio'/>
                <label name='thread' value='0-1'/>
            </labels>
            <parameters>
                <parameter kind='argument' name='browser' value='chrome-110.0.5481.104'/>
            </parameters>
            <steps/>
            <attachments/>
        </test-case>
        <test-case start='1676820725345' status='broken' stop='1676820725346'>
            <name>Then i must remain on create category page displaying a message ""name" is not allowed to be empty"</name>
            <title>Then i must remain on create category page displaying a message ""name" is not allowed to be empty"</title>
            <labels>
                <label name='language' value='javascript'/>
                <label name='framework' value='wdio'/>
                <label name='thread' value='0-1'/>
            </labels>
            <parameters>
                <parameter kind='argument' name='browser' value='chrome-110.0.5481.104'/>
            </parameters>
            <steps/>
            <attachments/>
            <failure>
                <message>Step "i must remain on create category page displaying a message ""name" is not allowed to be empty"" is not defined. You can ignore this error by setting cucumberOpts.ignoreUndefinedDefinitions as true.</message>
                <stack-trace>Step "i must remain on create category page displaying a message ""name" is not allowed to be empty"" is not defined. You can ignore this error by setting cucumberOpts.ignoreUndefinedDefinitions as true.
                	at Feature(D:\SANBERCODE\QA-AUTOMATION\TUGAS-UI-AUTOMATION-CUCUMBER\wdio-with-cucumber\features\category.feature):1:1
                	at Scenario(i add category with invalid input):13:3
                	at Step(i must remain on create category page displaying a message "&lt;errorMessage>"):17:5
                </stack-trace>
            </failure>
        </test-case>
        <test-case start='1676820725347' status='passed' stop='1676820725350'>
            <name></name>
            <title></title>
            <labels>
                <label name='language' value='javascript'/>
                <label name='framework' value='wdio'/>
                <label name='thread' value='0-1'/>
            </labels>
            <parameters>
                <parameter kind='argument' name='browser' value='chrome-110.0.5481.104'/>
            </parameters>
            <steps/>
            <attachments/>
        </test-case>
    </test-cases>
</ns2:test-suite>