<?xml version='1.0'?>
<ns2:test-suite xmlns:ns2='urn:model.allure.qatools.yandex.ru' start='1676815888604' stop='1676815888621'>
    <name>To test the add category functionality in "kasirAja": i am login with invalid credentials</name>
    <title>To test the add category functionality in "kasirAja": i am login with invalid credentials</title>
    <test-cases>
        <test-case start='1676815888604' status='passed' stop='1676815888605'>
            <name></name>
            <title></title>
            <labels>
                <label name='language' value='javascript'/>
                <label name='framework' value='wdio'/>
                <label name='thread' value='0-0'/>
            </labels>
            <parameters>
                <parameter kind='argument' name='browser' value='chrome-110.0.5481.104'/>
            </parameters>
            <steps/>
            <attachments/>
        </test-case>
        <test-case start='1676815888606' status='broken' stop='1676815888607'>
            <name>Given i am on the dashboard page</name>
            <title>Given i am on the dashboard page</title>
            <labels>
                <label name='language' value='javascript'/>
                <label name='framework' value='wdio'/>
                <label name='thread' value='0-0'/>
            </labels>
            <parameters>
                <parameter kind='argument' name='browser' value='chrome-110.0.5481.104'/>
            </parameters>
            <steps/>
            <attachments/>
            <failure>
                <message>Step "i am on the dashboard page" is not defined. You can ignore this error by setting cucumberOpts.ignoreUndefinedDefinitions as true.</message>
                <stack-trace>Step "i am on the dashboard page" is not defined. You can ignore this error by setting cucumberOpts.ignoreUndefinedDefinitions as true.
                	at Feature(D:\SANBERCODE\QA-AUTOMATION\TUGAS-UI-AUTOMATION-CUCUMBER\wdio-with-cucumber\features\category.feature):1:1
                	at Scenario(i am login with invalid credentials):12:3
                </stack-trace>
            </failure>
        </test-case>
        <test-case start='1676815888609' status='broken' stop='1676815888614'>
            <name>When i input name of category as "&lt;nama>" and description as "&lt;description>"</name>
            <title>When i input name of category as "&lt;nama>" and description as "&lt;description>"</title>
            <labels>
                <label name='language' value='javascript'/>
                <label name='framework' value='wdio'/>
                <label name='thread' value='0-0'/>
            </labels>
            <parameters>
                <parameter kind='argument' name='browser' value='chrome-110.0.5481.104'/>
            </parameters>
            <steps/>
            <attachments/>
            <failure>
                <message>Step "i input name of category as "&lt;nama>" and description as "&lt;description>"" is not defined. You can ignore this error by setting cucumberOpts.ignoreUndefinedDefinitions as true.</message>
                <stack-trace>Step "i input name of category as "&lt;nama>" and description as "&lt;description>"" is not defined. You can ignore this error by setting cucumberOpts.ignoreUndefinedDefinitions as true.
                	at Feature(D:\SANBERCODE\QA-AUTOMATION\TUGAS-UI-AUTOMATION-CUCUMBER\wdio-with-cucumber\features\category.feature):1:1
                	at Scenario(i am login with invalid credentials):12:3
                	at Step(i input name of category as "&lt;nama>" and description as "&lt;description>"):13:5
                </stack-trace>
            </failure>
        </test-case>
        <test-case start='1676815888615' status='broken' stop='1676815888616'>
            <name>And i click on login button</name>
            <title>And i click on login button</title>
            <labels>
                <label name='language' value='javascript'/>
                <label name='framework' value='wdio'/>
                <label name='thread' value='0-0'/>
            </labels>
            <parameters>
                <parameter kind='argument' name='browser' value='chrome-110.0.5481.104'/>
            </parameters>
            <steps/>
            <attachments/>
            <failure>
                <message>Step "i click on login button" is not defined. You can ignore this error by setting cucumberOpts.ignoreUndefinedDefinitions as true.</message>
                <stack-trace>Step "i click on login button" is not defined. You can ignore this error by setting cucumberOpts.ignoreUndefinedDefinitions as true.
                	at Feature(D:\SANBERCODE\QA-AUTOMATION\TUGAS-UI-AUTOMATION-CUCUMBER\wdio-with-cucumber\features\category.feature):1:1
                	at Scenario(i am login with invalid credentials):12:3
                	at Step(i click on login button):14:5
                </stack-trace>
            </failure>
        </test-case>
        <test-case start='1676815888616' status='pending' stop='1676815888620'>
            <name>Then i must remain on login page displaying a message "Kredensial yang Anda berikan salah"</name>
            <title>Then i must remain on login page displaying a message "Kredensial yang Anda berikan salah"</title>
            <labels>
                <label name='language' value='javascript'/>
                <label name='framework' value='wdio'/>
                <label name='thread' value='0-0'/>
            </labels>
            <parameters>
                <parameter kind='argument' name='browser' value='chrome-110.0.5481.104'/>
            </parameters>
            <steps/>
            <attachments/>
        </test-case>
        <test-case start='1676815888620' status='passed' stop='1676815888621'>
            <name></name>
            <title></title>
            <labels>
                <label name='language' value='javascript'/>
                <label name='framework' value='wdio'/>
                <label name='thread' value='0-0'/>
            </labels>
            <parameters>
                <parameter kind='argument' name='browser' value='chrome-110.0.5481.104'/>
            </parameters>
            <steps/>
            <attachments/>
        </test-case>
    </test-cases>
</ns2:test-suite>