<?xml version='1.0'?>
<ns2:test-suite xmlns:ns2='urn:model.allure.qatools.yandex.ru' start='1676820457761' stop='1676820457828'>
    <name>To test the add category functionality in "kasirAja": i add category with invalid input</name>
    <title>To test the add category functionality in "kasirAja": i add category with invalid input</title>
    <test-cases>
        <test-case start='1676820457762' status='passed' stop='1676820457764'>
            <name></name>
            <title></title>
            <labels>
                <label name='language' value='javascript'/>
                <label name='framework' value='wdio'/>
                <label name='thread' value='0-0'/>
            </labels>
            <parameters>
                <parameter kind='argument' name='browser' value='chrome-110.0.5481.104'/>
            </parameters>
            <steps/>
            <attachments/>
        </test-case>
        <test-case start='1676820457765' status='passed' stop='1676820457802'>
            <name>Given i am on the dashboard page</name>
            <title>Given i am on the dashboard page</title>
            <labels>
                <label name='language' value='javascript'/>
                <label name='framework' value='wdio'/>
                <label name='thread' value='0-0'/>
            </labels>
            <parameters>
                <parameter kind='argument' name='browser' value='chrome-110.0.5481.104'/>
            </parameters>
            <steps>
                <step start='1676820457767' status='undefined'>
                    <name>POST /session/:sessionId/element</name>
                    <title>POST /session/:sessionId/element</title>
                    <attachments>
                        <attachment title='Request' source='01ce96a5-2e12-4901-9d01-29124d8eafe5-attachment.json' type='application/json' size='82'/>
                    </attachments>
                    <steps>
                        <step start='1676820457783' status='undefined'>
                            <name>GET /session/:sessionId/title</name>
                            <title>GET /session/:sessionId/title</title>
                            <attachments/>
                            <steps/>
                        </step>
                    </steps>
                </step>
            </steps>
            <attachments/>
        </test-case>
        <test-case start='1676820457803' status='passed' stop='1676820457819'>
            <name>When i click on category menu</name>
            <title>When i click on category menu</title>
            <labels>
                <label name='language' value='javascript'/>
                <label name='framework' value='wdio'/>
                <label name='thread' value='0-0'/>
            </labels>
            <parameters>
                <parameter kind='argument' name='browser' value='chrome-110.0.5481.104'/>
            </parameters>
            <steps>
                <step start='1676820457804' status='undefined'>
                    <name>POST /session/:sessionId/element</name>
                    <title>POST /session/:sessionId/element</title>
                    <attachments>
                        <attachment title='Request' source='b6228453-5d8e-45ec-bc8e-ad44b2e16751-attachment.json' type='application/json' size='82'/>
                    </attachments>
                    <steps/>
                </step>
            </steps>
            <attachments/>
        </test-case>
        <test-case start='1676820457819' status='broken' stop='1676820457821'>
            <name>When i click on button "tambah"</name>
            <title>When i click on button "tambah"</title>
            <labels>
                <label name='language' value='javascript'/>
                <label name='framework' value='wdio'/>
                <label name='thread' value='0-0'/>
            </labels>
            <parameters>
                <parameter kind='argument' name='browser' value='chrome-110.0.5481.104'/>
            </parameters>
            <steps/>
            <attachments/>
            <failure>
                <message>function has 0 arguments, should have 1 (if synchronous or returning a promise) or 2 (if accepting a callback)</message>
                <stack-trace>function has 0 arguments, should have 1 (if synchronous or returning a promise) or 2 (if accepting a callback)</stack-trace>
            </failure>
        </test-case>
        <test-case start='1676820457821' status='pending' stop='1676820457822'>
            <name>When i input name of category as "" and description as "sepatu"</name>
            <title>When i input name of category as "" and description as "sepatu"</title>
            <labels>
                <label name='language' value='javascript'/>
                <label name='framework' value='wdio'/>
                <label name='thread' value='0-0'/>
            </labels>
            <parameters>
                <parameter kind='argument' name='browser' value='chrome-110.0.5481.104'/>
            </parameters>
            <steps/>
            <attachments/>
        </test-case>
        <test-case start='1676820457822' status='broken' stop='1676820457822'>
            <name>Then i must remain on create category page displaying a message ""name" is not allowed to be empty"</name>
            <title>Then i must remain on create category page displaying a message ""name" is not allowed to be empty"</title>
            <labels>
                <label name='language' value='javascript'/>
                <label name='framework' value='wdio'/>
                <label name='thread' value='0-0'/>
            </labels>
            <parameters>
                <parameter kind='argument' name='browser' value='chrome-110.0.5481.104'/>
            </parameters>
            <steps/>
            <attachments/>
            <failure>
                <message>Step "i must remain on create category page displaying a message ""name" is not allowed to be empty"" is not defined. You can ignore this error by setting cucumberOpts.ignoreUndefinedDefinitions as true.</message>
                <stack-trace>Step "i must remain on create category page displaying a message ""name" is not allowed to be empty"" is not defined. You can ignore this error by setting cucumberOpts.ignoreUndefinedDefinitions as true.
                	at Feature(D:\SANBERCODE\QA-AUTOMATION\TUGAS-UI-AUTOMATION-CUCUMBER\wdio-with-cucumber\features\category.feature):1:1
                	at Scenario(i add category with invalid input):12:3
                	at Step(i must remain on create category page displaying a message "&lt;errorMessage>"):16:5
                </stack-trace>
            </failure>
        </test-case>
        <test-case start='1676820457823' status='passed' stop='1676820457827'>
            <name></name>
            <title></title>
            <labels>
                <label name='language' value='javascript'/>
                <label name='framework' value='wdio'/>
                <label name='thread' value='0-0'/>
            </labels>
            <parameters>
                <parameter kind='argument' name='browser' value='chrome-110.0.5481.104'/>
            </parameters>
            <steps/>
            <attachments/>
        </test-case>
    </test-cases>
</ns2:test-suite>