<?xml version='1.0'?>
<ns2:test-suite xmlns:ns2='urn:model.allure.qatools.yandex.ru' start='1676820543183' stop='1676820543294'>
    <name>To test the add category functionality in "kasirAja": i add category with invalid input</name>
    <title>To test the add category functionality in "kasirAja": i add category with invalid input</title>
    <test-cases>
        <test-case start='1676820543183' status='passed' stop='1676820543184'>
            <name></name>
            <title></title>
            <labels>
                <label name='language' value='javascript'/>
                <label name='framework' value='wdio'/>
                <label name='thread' value='0-1'/>
            </labels>
            <parameters>
                <parameter kind='argument' name='browser' value='chrome-110.0.5481.104'/>
            </parameters>
            <steps/>
            <attachments/>
        </test-case>
        <test-case start='1676820543185' status='passed' stop='1676820543209'>
            <name>Given i am on the dashboard page</name>
            <title>Given i am on the dashboard page</title>
            <labels>
                <label name='language' value='javascript'/>
                <label name='framework' value='wdio'/>
                <label name='thread' value='0-1'/>
            </labels>
            <parameters>
                <parameter kind='argument' name='browser' value='chrome-110.0.5481.104'/>
            </parameters>
            <steps>
                <step start='1676820543188' status='undefined'>
                    <name>POST /session/:sessionId/element</name>
                    <title>POST /session/:sessionId/element</title>
                    <attachments>
                        <attachment title='Request' source='23202139-4bd8-432c-80ad-89dd9195da31-attachment.json' type='application/json' size='82'/>
                    </attachments>
                    <steps>
                        <step start='1676820543194' status='undefined'>
                            <name>GET /session/:sessionId/title</name>
                            <title>GET /session/:sessionId/title</title>
                            <attachments/>
                            <steps/>
                        </step>
                    </steps>
                </step>
            </steps>
            <attachments/>
        </test-case>
        <test-case start='1676820543209' status='passed' stop='1676820543289'>
            <name>When i click on category menu</name>
            <title>When i click on category menu</title>
            <labels>
                <label name='language' value='javascript'/>
                <label name='framework' value='wdio'/>
                <label name='thread' value='0-1'/>
            </labels>
            <parameters>
                <parameter kind='argument' name='browser' value='chrome-110.0.5481.104'/>
            </parameters>
            <steps>
                <step start='1676820543211' status='undefined'>
                    <name>POST /session/:sessionId/element</name>
                    <title>POST /session/:sessionId/element</title>
                    <attachments>
                        <attachment title='Request' source='be24aaea-eb7b-48e1-894d-f3d0928590d2-attachment.json' type='application/json' size='82'/>
                    </attachments>
                    <steps/>
                </step>
            </steps>
            <attachments/>
        </test-case>
        <test-case start='1676820543289' status='broken' stop='1676820543291'>
            <name>When i click on button "tambah"</name>
            <title>When i click on button "tambah"</title>
            <labels>
                <label name='language' value='javascript'/>
                <label name='framework' value='wdio'/>
                <label name='thread' value='0-1'/>
            </labels>
            <parameters>
                <parameter kind='argument' name='browser' value='chrome-110.0.5481.104'/>
            </parameters>
            <steps/>
            <attachments/>
            <failure>
                <message>function has 0 arguments, should have 1 (if synchronous or returning a promise) or 2 (if accepting a callback)</message>
                <stack-trace>function has 0 arguments, should have 1 (if synchronous or returning a promise) or 2 (if accepting a callback)</stack-trace>
            </failure>
        </test-case>
        <test-case start='1676820543291' status='pending' stop='1676820543291'>
            <name>When i input name of category as "" and description as "sepatu"</name>
            <title>When i input name of category as "" and description as "sepatu"</title>
            <labels>
                <label name='language' value='javascript'/>
                <label name='framework' value='wdio'/>
                <label name='thread' value='0-1'/>
            </labels>
            <parameters>
                <parameter kind='argument' name='browser' value='chrome-110.0.5481.104'/>
            </parameters>
            <steps/>
            <attachments/>
        </test-case>
        <test-case start='1676820543291' status='broken' stop='1676820543292'>
            <name>Then i must remain on create category page displaying a message ""name" is not allowed to be empty"</name>
            <title>Then i must remain on create category page displaying a message ""name" is not allowed to be empty"</title>
            <labels>
                <label name='language' value='javascript'/>
                <label name='framework' value='wdio'/>
                <label name='thread' value='0-1'/>
            </labels>
            <parameters>
                <parameter kind='argument' name='browser' value='chrome-110.0.5481.104'/>
            </parameters>
            <steps/>
            <attachments/>
            <failure>
                <message>Step "i must remain on create category page displaying a message ""name" is not allowed to be empty"" is not defined. You can ignore this error by setting cucumberOpts.ignoreUndefinedDefinitions as true.</message>
                <stack-trace>Step "i must remain on create category page displaying a message ""name" is not allowed to be empty"" is not defined. You can ignore this error by setting cucumberOpts.ignoreUndefinedDefinitions as true.
                	at Feature(D:\SANBERCODE\QA-AUTOMATION\TUGAS-UI-AUTOMATION-CUCUMBER\wdio-with-cucumber\features\category.feature):1:1
                	at Scenario(i add category with invalid input):12:3
                	at Step(i must remain on create category page displaying a message "&lt;errorMessage>"):16:5
                </stack-trace>
            </failure>
        </test-case>
        <test-case start='1676820543292' status='passed' stop='1676820543294'>
            <name></name>
            <title></title>
            <labels>
                <label name='language' value='javascript'/>
                <label name='framework' value='wdio'/>
                <label name='thread' value='0-1'/>
            </labels>
            <parameters>
                <parameter kind='argument' name='browser' value='chrome-110.0.5481.104'/>
            </parameters>
            <steps/>
            <attachments/>
        </test-case>
    </test-cases>
</ns2:test-suite>