<?xml version='1.0'?>
<ns2:test-suite xmlns:ns2='urn:model.allure.qatools.yandex.ru' start='1676822398534' stop='1676822408759'>
    <name>To test the add category functionality in "kasirAja": i add category with valid input</name>
    <title>To test the add category functionality in "kasirAja": i add category with valid input</title>
    <test-cases>
        <test-case start='1676822398537' status='passed' stop='1676822398541'>
            <name></name>
            <title></title>
            <labels>
                <label name='language' value='javascript'/>
                <label name='framework' value='wdio'/>
                <label name='thread' value='0-1'/>
            </labels>
            <parameters>
                <parameter kind='argument' name='browser' value='chrome-110.0.5481.104'/>
            </parameters>
            <steps/>
            <attachments/>
        </test-case>
        <test-case start='1676822398542' status='failed' stop='1676822408748'>
            <name>Given i am on the dashboard page</name>
            <title>Given i am on the dashboard page</title>
            <labels>
                <label name='language' value='javascript'/>
                <label name='framework' value='wdio'/>
                <label name='thread' value='0-1'/>
            </labels>
            <parameters>
                <parameter kind='argument' name='browser' value='chrome-110.0.5481.104'/>
            </parameters>
            <steps>
                <step start='1676822398555' status='passed' stop='1676822398578'>
                    <name>GET /session/:sessionId/title</name>
                    <title>GET /session/:sessionId/title</title>
                    <attachments/>
                    <steps/>
                </step>
                <step start='1676822399092' status='passed' stop='1676822399105'>
                    <name>GET /session/:sessionId/title</name>
                    <title>GET /session/:sessionId/title</title>
                    <attachments/>
                    <steps/>
                </step>
                <step start='1676822399610' status='passed' stop='1676822399624'>
                    <name>GET /session/:sessionId/title</name>
                    <title>GET /session/:sessionId/title</title>
                    <attachments/>
                    <steps/>
                </step>
                <step start='1676822400126' status='passed' stop='1676822400140'>
                    <name>GET /session/:sessionId/title</name>
                    <title>GET /session/:sessionId/title</title>
                    <attachments/>
                    <steps/>
                </step>
                <step start='1676822400654' status='passed' stop='1676822400666'>
                    <name>GET /session/:sessionId/title</name>
                    <title>GET /session/:sessionId/title</title>
                    <attachments/>
                    <steps/>
                </step>
                <step start='1676822401179' status='passed' stop='1676822401190'>
                    <name>GET /session/:sessionId/title</name>
                    <title>GET /session/:sessionId/title</title>
                    <attachments/>
                    <steps/>
                </step>
                <step start='1676822401693' status='passed' stop='1676822401707'>
                    <name>GET /session/:sessionId/title</name>
                    <title>GET /session/:sessionId/title</title>
                    <attachments/>
                    <steps/>
                </step>
                <step start='1676822402221' status='passed' stop='1676822402235'>
                    <name>GET /session/:sessionId/title</name>
                    <title>GET /session/:sessionId/title</title>
                    <attachments/>
                    <steps/>
                </step>
                <step start='1676822402737' status='passed' stop='1676822402759'>
                    <name>GET /session/:sessionId/title</name>
                    <title>GET /session/:sessionId/title</title>
                    <attachments/>
                    <steps/>
                </step>
                <step start='1676822403262' status='passed' stop='1676822403275'>
                    <name>GET /session/:sessionId/title</name>
                    <title>GET /session/:sessionId/title</title>
                    <attachments/>
                    <steps/>
                </step>
                <step start='1676822403780' status='passed' stop='1676822403844'>
                    <name>GET /session/:sessionId/title</name>
                    <title>GET /session/:sessionId/title</title>
                    <attachments/>
                    <steps/>
                </step>
                <step start='1676822404357' status='passed' stop='1676822404384'>
                    <name>GET /session/:sessionId/title</name>
                    <title>GET /session/:sessionId/title</title>
                    <attachments/>
                    <steps/>
                </step>
                <step start='1676822404899' status='passed' stop='1676822404941'>
                    <name>GET /session/:sessionId/title</name>
                    <title>GET /session/:sessionId/title</title>
                    <attachments/>
                    <steps/>
                </step>
                <step start='1676822405454' status='passed' stop='1676822405515'>
                    <name>GET /session/:sessionId/title</name>
                    <title>GET /session/:sessionId/title</title>
                    <attachments/>
                    <steps/>
                </step>
                <step start='1676822406020' status='passed' stop='1676822406049'>
                    <name>GET /session/:sessionId/title</name>
                    <title>GET /session/:sessionId/title</title>
                    <attachments/>
                    <steps/>
                </step>
                <step start='1676822406554' status='passed' stop='1676822406682'>
                    <name>GET /session/:sessionId/title</name>
                    <title>GET /session/:sessionId/title</title>
                    <attachments/>
                    <steps/>
                </step>
                <step start='1676822407184' status='passed' stop='1676822407192'>
                    <name>GET /session/:sessionId/title</name>
                    <title>GET /session/:sessionId/title</title>
                    <attachments/>
                    <steps/>
                </step>
                <step start='1676822407706' status='passed' stop='1676822407720'>
                    <name>GET /session/:sessionId/title</name>
                    <title>GET /session/:sessionId/title</title>
                    <attachments/>
                    <steps/>
                </step>
                <step start='1676822408228' status='passed' stop='1676822408241'>
                    <name>GET /session/:sessionId/title</name>
                    <title>GET /session/:sessionId/title</title>
                    <attachments/>
                    <steps/>
                </step>
            </steps>
            <attachments/>
            <failure>
                <message>Error: Expect window to have title</message>
                <stack-trace>Error: Expect window to have title
                
                Expected: "kasirAja"
                Received: ""
                    at World.&lt;anonymous> (D:\SANBERCODE\QA-AUTOMATION\TUGAS-UI-AUTOMATION-CUCUMBER\wdio-with-cucumber\features\step-definitions\steps.js:46:27)
                    at process.processTicksAndRejections (node:internal/process/task_queues:95:5)
                    at async wrapPromiseWithTimeout (D:\SANBERCODE\QA-AUTOMATION\TUGAS-UI-AUTOMATION-CUCUMBER\wdio-with-cucumber\node_modules\@cucumber\cucumber\lib\time.js:67:12)
                    at async Object.run (D:\SANBERCODE\QA-AUTOMATION\TUGAS-UI-AUTOMATION-CUCUMBER\wdio-with-cucumber\node_modules\@cucumber\cucumber\lib\user_code_runner.js:64:22)
                    at async Object.run (D:\SANBERCODE\QA-AUTOMATION\TUGAS-UI-AUTOMATION-CUCUMBER\wdio-with-cucumber\node_modules\@cucumber\cucumber\lib\runtime\step_runner.js:52:26)
                    at async TestCaseRunner.invokeStep (D:\SANBERCODE\QA-AUTOMATION\TUGAS-UI-AUTOMATION-CUCUMBER\wdio-with-cucumber\node_modules\@cucumber\cucumber\lib\runtime\test_case_runner.js:93:16)
                    at async TestCaseRunner.runStep (D:\SANBERCODE\QA-AUTOMATION\TUGAS-UI-AUTOMATION-CUCUMBER\wdio-with-cucumber\node_modules\@cucumber\cucumber\lib\runtime\test_case_runner.js:237:26)
                    at async D:\SANBERCODE\QA-AUTOMATION\TUGAS-UI-AUTOMATION-CUCUMBER\wdio-with-cucumber\node_modules\@cucumber\cucumber\lib\runtime\test_case_runner.js:163:48</stack-trace>
            </failure>
        </test-case>
        <test-case start='1676822408748' status='pending' stop='1676822408749'>
            <name>When i click on category menu</name>
            <title>When i click on category menu</title>
            <labels>
                <label name='language' value='javascript'/>
                <label name='framework' value='wdio'/>
                <label name='thread' value='0-1'/>
            </labels>
            <parameters>
                <parameter kind='argument' name='browser' value='chrome-110.0.5481.104'/>
            </parameters>
            <steps/>
            <attachments/>
        </test-case>
        <test-case start='1676822408749' status='broken' stop='1676822408752'>
            <name>When i click on button "tambah"</name>
            <title>When i click on button "tambah"</title>
            <labels>
                <label name='language' value='javascript'/>
                <label name='framework' value='wdio'/>
                <label name='thread' value='0-1'/>
            </labels>
            <parameters>
                <parameter kind='argument' name='browser' value='chrome-110.0.5481.104'/>
            </parameters>
            <steps/>
            <attachments/>
            <failure>
                <message>Step "i click on button "tambah"" is not defined. You can ignore this error by setting cucumberOpts.ignoreUndefinedDefinitions as true.</message>
                <stack-trace>Step "i click on button "tambah"" is not defined. You can ignore this error by setting cucumberOpts.ignoreUndefinedDefinitions as true.
                	at Feature(D:\SANBERCODE\QA-AUTOMATION\TUGAS-UI-AUTOMATION-CUCUMBER\wdio-with-cucumber\features\2_category.feature):1:1
                	at Scenario(i add category with valid input):7:3
                	at Step(i click on button "tambah"):9:5
                </stack-trace>
            </failure>
        </test-case>
        <test-case start='1676822408753' status='pending' stop='1676822408754'>
            <name>When i input name of category as "laptop" and description as "laptop"</name>
            <title>When i input name of category as "laptop" and description as "laptop"</title>
            <labels>
                <label name='language' value='javascript'/>
                <label name='framework' value='wdio'/>
                <label name='thread' value='0-1'/>
            </labels>
            <parameters>
                <parameter kind='argument' name='browser' value='chrome-110.0.5481.104'/>
            </parameters>
            <steps/>
            <attachments/>
        </test-case>
        <test-case start='1676822408755' status='pending' stop='1676822408755'>
            <name>Then i must see a successful message</name>
            <title>Then i must see a successful message</title>
            <labels>
                <label name='language' value='javascript'/>
                <label name='framework' value='wdio'/>
                <label name='thread' value='0-1'/>
            </labels>
            <parameters>
                <parameter kind='argument' name='browser' value='chrome-110.0.5481.104'/>
            </parameters>
            <steps/>
            <attachments/>
        </test-case>
        <test-case start='1676822408755' status='passed' stop='1676822408756'>
            <name></name>
            <title></title>
            <labels>
                <label name='language' value='javascript'/>
                <label name='framework' value='wdio'/>
                <label name='thread' value='0-1'/>
            </labels>
            <parameters>
                <parameter kind='argument' name='browser' value='chrome-110.0.5481.104'/>
            </parameters>
            <steps/>
            <attachments/>
        </test-case>
    </test-cases>
</ns2:test-suite>